<?xml version="1.0" encoding="UTF-8"?>
<!-- Generated by org.testng.reporters.JUnitXMLReporter -->
<testsuite ignored="0" hostname="Mac" failures="1" tests="1" name="Test" time="23.7" errors="0" timestamp="2024-10-15T12:29:07 EDT">
  <testcase classname="testcases.TC001_LoginTest" name="verify_login" time="10.071">
    <failure type="java.lang.AssertionError" message="null">
      <![CDATA[java.lang.AssertionError: null
at testcases.TC001_LoginTest.verify_login(TC001_LoginTest.java:28)
at java.base/java.util.ArrayList.forEach(ArrayList.java:1597)
... Removed 27 stack frames]]>
    </failure>
  </testcase> <!-- verify_login -->
</testsuite> <!-- Test -->
